<?xml version="1.0" encoding="UTF-8"?>
<!-- Generated by org.testng.reporters.JUnitReportReporter -->
<testsuite skipped="0" hostname="apples-MacBook-Pro.local" name="com.crm.qa.tests.LoginPageTest" tests="3" failures="0" timestamp="25 Jan 2018 16:36:04 GMT" time="23.588" errors="0">
  <testcase name="loginPageTitleTest" time="5.298" classname="com.crm.qa.tests.LoginPageTest"/>
  <testcase name="crmLogoImageTest" time="9.586" classname="com.crm.qa.tests.LoginPageTest"/>
  <testcase name="loginTest" time="8.704" classname="com.crm.qa.tests.LoginPageTest"/>
</testsuite> <!-- com.crm.qa.tests.LoginPageTest -->
