<?xml version="1.0" encoding="UTF-8"?>
<!-- Generated by org.testng.reporters.JUnitReportReporter -->
<testsuite skipped="0" hostname="apples-MacBook-Pro.local" name="com.crm.qa.tests.LoginPageTest" tests="3" failures="0" timestamp="27 Feb 2018 01:09:08 GMT" time="15.768" errors="0">
  <testcase name="loginPageTitleTest" time="6.448" classname="com.crm.qa.tests.LoginPageTest"/>
  <testcase name="crmLogoImageTest" time="4.412" classname="com.crm.qa.tests.LoginPageTest"/>
  <testcase name="loginTest" time="4.908" classname="com.crm.qa.tests.LoginPageTest"/>
</testsuite> <!-- com.crm.qa.tests.LoginPageTest -->
