<?xml version="1.0" encoding="UTF-8"?>
<!-- Generated by org.testng.reporters.JUnitReportReporter -->
<testsuite skipped="0" hostname="apples-MacBook-Pro.local" name="com.crm.qa.tests.LoginPageTest" tests="3" failures="0" timestamp="28 Feb 2018 01:21:59 GMT" time="24.132" errors="0">
  <testcase name="loginPageTitleTest" time="6.534" classname="com.crm.qa.tests.LoginPageTest"/>
  <testcase name="crmLogoImageTest" time="7.597" classname="com.crm.qa.tests.LoginPageTest"/>
  <testcase name="loginTest" time="10.001" classname="com.crm.qa.tests.LoginPageTest"/>
</testsuite> <!-- com.crm.qa.tests.LoginPageTest -->
