<?xml version="1.0" encoding="UTF-8"?>
<!-- Generated by org.testng.reporters.JUnitReportReporter -->
<testsuite skipped="0" hostname="macs-MacBook-Pro-6.local" name="com.crm.qa.tests.LoginPageTest" tests="3" failures="0" timestamp="05 Mar 2018 17:21:40 GMT" time="11.465" errors="0">
  <testcase name="loginPageTitleTest" time="2.105" classname="com.crm.qa.tests.LoginPageTest"/>
  <testcase name="crmLogoImageTest" time="2.588" classname="com.crm.qa.tests.LoginPageTest"/>
  <testcase name="loginTest" time="6.772" classname="com.crm.qa.tests.LoginPageTest"/>
</testsuite> <!-- com.crm.qa.tests.LoginPageTest -->
