<?xml version="1.0" encoding="UTF-8"?>
<!-- Generated by org.testng.reporters.JUnitReportReporter -->
<testsuite skipped="0" hostname="apples-MacBook-Pro.local" name="com.crm.qa.tests.ContactsPageTest" tests="6" failures="0" timestamp="28 Feb 2018 01:44:28 GMT" time="48.637" errors="0">
  <testcase name="verifyContactsLabelTest" time="7.058" classname="com.crm.qa.tests.ContactsPageTest"/>
  <testcase name="selectSingleContactsTest" time="7.765" classname="com.crm.qa.tests.ContactsPageTest"/>
  <testcase name="selectMultipleContactsTest" time="7.470" classname="com.crm.qa.tests.ContactsPageTest"/>
  <testcase name="validateCreateNewContact" time="11.312" classname="com.crm.qa.tests.ContactsPageTest"/>
  <testcase name="validateCreateNewContact" time="8.481" classname="com.crm.qa.tests.ContactsPageTest"/>
  <testcase name="validateCreateNewContact" time="6.551" classname="com.crm.qa.tests.ContactsPageTest"/>
</testsuite> <!-- com.crm.qa.tests.ContactsPageTest -->
