<?xml version="1.0" encoding="UTF-8"?>
<!-- Generated by org.testng.reporters.JUnitReportReporter -->
<testsuite skipped="0" hostname="macs-MacBook-Pro-6.local" name="com.crm.qa.tests.HomePageTest" tests="3" failures="0" timestamp="05 Mar 2018 17:21:50 GMT" time="16.950" errors="0">
  <testcase name="verifyHomePageTitleTest" time="5.482" classname="com.crm.qa.tests.HomePageTest"/>
  <testcase name="verifyCorrectUserNameTest" time="6.028" classname="com.crm.qa.tests.HomePageTest"/>
  <testcase name="verifyContactsLinkTest" time="5.440" classname="com.crm.qa.tests.HomePageTest"/>
</testsuite> <!-- com.crm.qa.tests.HomePageTest -->
