<?xml version="1.0" encoding="UTF-8"?>
<!-- Generated by org.testng.reporters.JUnitReportReporter -->
<testsuite skipped="0" hostname="apples-MacBook-Pro.local" name="com.crm.qa.tests.ContactsPageTest" tests="6" failures="0" timestamp="27 Feb 2018 01:14:20 GMT" time="51.448" errors="0">
  <testcase name="verifyContactsLabelTest" time="7.256" classname="com.crm.qa.tests.ContactsPageTest"/>
  <testcase name="selectSingleContactsTest" time="11.439" classname="com.crm.qa.tests.ContactsPageTest"/>
  <testcase name="selectMultipleContactsTest" time="6.574" classname="com.crm.qa.tests.ContactsPageTest"/>
  <testcase name="validateCreateNewContact" time="8.550" classname="com.crm.qa.tests.ContactsPageTest"/>
  <testcase name="validateCreateNewContact" time="8.750" classname="com.crm.qa.tests.ContactsPageTest"/>
  <testcase name="validateCreateNewContact" time="8.879" classname="com.crm.qa.tests.ContactsPageTest"/>
</testsuite> <!-- com.crm.qa.tests.ContactsPageTest -->
