<?xml version="1.0" encoding="UTF-8"?>
<!-- Generated by org.testng.reporters.JUnitReportReporter -->
<testsuite skipped="0" hostname="apples-MacBook-Pro.local" name="com.crm.qa.tests.HomePageTest" tests="3" failures="0" timestamp="24 Jan 2018 16:17:48 GMT" time="12.673" errors="0">
  <testcase name="verifyHomePageTitleTest" time="3.759" classname="com.crm.qa.tests.HomePageTest"/>
  <testcase name="verifyCorrectUserNameTest" time="4.067" classname="com.crm.qa.tests.HomePageTest"/>
  <testcase name="verifyContactsLinkTest" time="4.847" classname="com.crm.qa.tests.HomePageTest"/>
</testsuite> <!-- com.crm.qa.tests.HomePageTest -->
