<?xml version="1.0" encoding="UTF-8"?>
<!-- Generated by org.testng.reporters.JUnitReportReporter -->
<testsuite skipped="0" hostname="apples-MacBook-Pro.local" name="com.crm.qa.tests.LoginPageTest" tests="3" failures="0" timestamp="24 Jan 2018 16:17:48 GMT" time="9.048" errors="0">
  <testcase name="loginPageTitleTest" time="2.565" classname="com.crm.qa.tests.LoginPageTest"/>
  <testcase name="crmLogoImageTest" time="2.629" classname="com.crm.qa.tests.LoginPageTest"/>
  <testcase name="loginTest" time="3.854" classname="com.crm.qa.tests.LoginPageTest"/>
</testsuite> <!-- com.crm.qa.tests.LoginPageTest -->
